0 info it worked if it ends with ok
1 verbose cli [ 'C:\\Program Files\\nodejs\\node.exe',
1 verbose cli   'C:\\Users\\Administrator\\AppData\\Roaming\\npm\\node_modules\\npm\\bin\\npm-cli.js',
1 verbose cli   'run',
1 verbose cli   'dev' ]
2 info using npm@3.8.9
3 info using node@v5.6.0
4 verbose run-script [ 'predev', 'dev', 'postdev' ]
5 info lifecycle React@0.0.1~predev: React@0.0.1
6 silly lifecycle React@0.0.1~predev: no script for predev, continuing
7 info lifecycle React@0.0.1~dev: React@0.0.1
8 verbose lifecycle React@0.0.1~dev: unsafe-perm in lifecycle true
9 verbose lifecycle React@0.0.1~dev: PATH: C:\Users\Administrator\AppData\Roaming\npm\node_modules\npm\bin\node-gyp-bin;D:\work\test\react\node_modules\.bin;C:\Program Files\nodejs;C:\Python27\;C:\Python27\Scripts;C:\Program Files (x86)\NVIDIA Corporation\PhysX\Common;C:\Program Files (x86)\Intel\iCLS Client\;C:\Program Files\Intel\iCLS Client\;C:\Windows\system32;C:\Windows;C:\Windows\System32\Wbem;C:\Windows\System32\WindowsPowerShell\v1.0\;C:\Program Files\Intel\Intel(R) Management Engine Components\DAL;C:\Program Files\Intel\Intel(R) Management Engine Components\IPT;C:\Program Files (x86)\Intel\Intel(R) Management Engine Components\DAL;C:\Program Files (x86)\Intel\Intel(R) Management Engine Components\IPT;C:\Python27;C:\Python27\scripts;C:\Program Files\MySQL\MySQL Server 5.5\bin;C:\Python27\Lib\site-packages;C:\Program Files (x86)\MySQL\MySQL Server 5.5\bin;C:\Program Files\TortoiseSVN\bin;E:\应用软件\Git\cmd;C:\Program Files\nodejs\;C:\Python27\;C:\Python27\Scripts;C:\Program Files (x86)\NVIDIA Corporation\PhysX\Common;C:\Program Files (x86)\Intel\iCLS Client\;C:\Program Files\Intel\iCLS Client\;C:\Windows\system32;C:\Windows;C:\Windows\System32\Wbem;C:\Windows\System32\WindowsPowerShell\v1.0\;C:\Program Files\Intel\Intel(R) Management Engine Components\DAL;C:\Program Files\Intel\Intel(R) Management Engine Components\IPT;C:\Program Files (x86)\Intel\Intel(R) Management Engine Components\DAL;C:\Program Files (x86)\Intel\Intel(R) Management Engine Components\IPT;C:\Python27;C:\Python27\scripts;C:\Program Files\nodejs\;C:\Program Files\MySQL\MySQL Server 5.5\bin;C:\Python27\Lib\site-packages;C:\Users\Administrator\AppData\Roaming\npm
10 verbose lifecycle React@0.0.1~dev: CWD: D:\work\test\react
11 silly lifecycle React@0.0.1~dev: Args: [ '/d /s /c', 'webpack-dev-server --inline --hot --quiet' ]
12 silly lifecycle React@0.0.1~dev: Returned: code: 3221225501  signal: null
13 info lifecycle React@0.0.1~dev: Failed to exec dev script
14 verbose stack Error: React@0.0.1 dev: `webpack-dev-server --inline --hot --quiet`
14 verbose stack Exit status 3221225501
14 verbose stack     at EventEmitter.<anonymous> (C:\Users\Administrator\AppData\Roaming\npm\node_modules\npm\lib\utils\lifecycle.js:245:16)
14 verbose stack     at emitTwo (events.js:100:13)
14 verbose stack     at EventEmitter.emit (events.js:185:7)
14 verbose stack     at ChildProcess.<anonymous> (C:\Users\Administrator\AppData\Roaming\npm\node_modules\npm\lib\utils\spawn.js:24:14)
14 verbose stack     at emitTwo (events.js:100:13)
14 verbose stack     at ChildProcess.emit (events.js:185:7)
14 verbose stack     at maybeClose (internal/child_process.js:827:16)
14 verbose stack     at Process.ChildProcess._handle.onexit (internal/child_process.js:211:5)
15 verbose pkgid React@0.0.1
16 verbose cwd D:\work\test\react
17 error Windows_NT 6.1.7600
18 error argv "C:\\Program Files\\nodejs\\node.exe" "C:\\Users\\Administrator\\AppData\\Roaming\\npm\\node_modules\\npm\\bin\\npm-cli.js" "run" "dev"
19 error node v5.6.0
20 error npm  v3.8.9
21 error code ELIFECYCLE
22 error React@0.0.1 dev: `webpack-dev-server --inline --hot --quiet`
22 error Exit status 3221225501
23 error Failed at the React@0.0.1 dev script 'webpack-dev-server --inline --hot --quiet'.
23 error Make sure you have the latest version of node.js and npm installed.
23 error If you do, this is most likely a problem with the React package,
23 error not with npm itself.
23 error Tell the author that this fails on your system:
23 error     webpack-dev-server --inline --hot --quiet
23 error You can get information on how to open an issue for this project with:
23 error     npm bugs React
23 error Or if that isn't available, you can get their info via:
23 error     npm owner ls React
23 error There is likely additional logging output above.
24 verbose exit [ 1, true ]
